TN:
SF:server.js
FN:21,(anonymous_0)
FN:26,(anonymous_1)
FN:46,(anonymous_2)
FNF:3
FNH:2
FNDA:0,(anonymous_0)
FNDA:1,(anonymous_1)
FNDA:1,(anonymous_2)
DA:1,1
DA:2,1
DA:3,1
DA:7,1
DA:9,1
DA:12,1
DA:15,1
DA:18,1
DA:21,1
DA:22,0
DA:26,1
DA:27,1
DA:29,1
DA:30,1
DA:31,1
DA:34,1
DA:35,1
DA:37,1
DA:38,1
DA:41,0
DA:42,0
DA:46,1
DA:47,1
DA:50,0
DA:51,0
DA:55,1
DA:56,1
LF:27
LH:22
BRDA:18,0,0,1
BRDA:18,0,1,0
BRDA:34,1,0,1
BRDA:34,1,1,0
BRF:4
BRH:2
end_of_record
TN:
SF:src/config/database.js
FNF:0
FNH:0
DA:2,1
DA:4,1
DA:7,1
DA:9,1
DA:11,1
DA:25,1
LF:6
LH:6
BRDA:7,0,0,1
BRDA:7,0,1,0
BRDA:17,1,0,1
BRDA:17,1,1,0
BRF:4
BRH:2
end_of_record
TN:
SF:src/controllers/auth.controller.js
FN:6,(anonymous_0)
FN:40,(anonymous_1)
FNF:2
FNH:2
FNDA:3,(anonymous_0)
FNDA:3,(anonymous_1)
DA:1,1
DA:2,1
DA:3,1
DA:6,1
DA:7,3
DA:10,3
DA:11,1
DA:14,2
DA:15,1
DA:18,1
DA:20,1
DA:21,1
DA:22,0
DA:26,1
DA:29,1
DA:32,1
DA:34,0
DA:35,0
DA:40,1
DA:41,3
DA:44,3
DA:45,0
DA:48,3
DA:50,3
DA:52,3
DA:53,1
DA:57,2
DA:58,2
DA:59,1
DA:63,1
DA:66,1
DA:68,0
DA:69,0
LF:33
LH:27
BRDA:10,0,0,1
BRDA:10,0,1,2
BRDA:10,1,0,3
BRDA:10,1,1,3
BRDA:14,2,0,1
BRDA:14,2,1,1
BRDA:21,3,0,0
BRDA:21,3,1,1
BRDA:44,4,0,0
BRDA:44,4,1,3
BRDA:44,5,0,3
BRDA:44,5,1,3
BRDA:52,6,0,1
BRDA:52,6,1,2
BRDA:58,7,0,1
BRDA:58,7,1,1
BRF:16
BRH:14
end_of_record
TN:
SF:src/models/user.model.js
FNF:0
FNH:0
DA:2,1
DA:3,1
DA:5,1
DA:27,1
LF:4
LH:4
BRF:0
BRH:0
end_of_record
TN:
SF:src/routes/auth.routes.js
FNF:0
FNH:0
DA:1,1
DA:2,1
DA:4,1
DA:6,1
DA:7,1
DA:9,1
LF:6
LH:6
BRF:0
BRH:0
end_of_record
